19-09-2019 22:50:02 INFO  Calculator - Выполнен метод isPrime параметры a = 11, результат = true
19-09-2019 22:50:02 INFO  Calculator - Выполнен метод isPrime параметры a = 3 467, результат = true
19-09-2019 22:50:02 INFO  Calculator - Выполнен метод isPrime параметры a = 3 468, результат = false
19-09-2019 22:59:54 INFO  Calculator - Выполнен метод sqrt параметры a = 4, результат = 2
19-09-2019 22:59:54 INFO  Calculator - Выполнен метод sqrt параметры a = 0, результат = 0
19-09-2019 22:59:54 INFO  Calculator - Выполнен метод sum параметры a = 5, b = 5, результат = 10
19-09-2019 22:59:54 INFO  Calculator - Выполнен метод divide параметры a = 25, b = 5, результат = 5
19-09-2019 22:59:54 INFO  Calculator - Выполнен метод divide параметры a = 25, b = -5, результат = -5
19-09-2019 22:59:54 INFO  Calculator - Выполнен метод divide параметры a = -25, b = -5, результат = 5
19-09-2019 22:59:54 INFO  Calculator - Выполнен метод isPrime параметры a = 11, результат = true
19-09-2019 22:59:54 INFO  Calculator - Выполнен метод isPrime параметры a = 3 467, результат = true
19-09-2019 22:59:54 INFO  Calculator - Выполнен метод isPrime параметры a = 3 468, результат = false
19-09-2019 22:59:54 INFO  Calculator - Выполнен метод fibonacci параметры n = 6, результат = 8
19-09-2019 22:59:54 INFO  Calculator - Выполнен метод fibonacci параметры n = 8, результат = 21
19-09-2019 22:59:54 INFO  Calculator - Выполнен метод fibonacci параметры n = 2, результат = 1
19-09-2019 22:59:54 INFO  Calculator - Выполнен метод summarizeNumberRow параметры row = [1, 2, 3], результат = 6
19-09-2019 22:59:54 INFO  Calculator - Выполнен метод summarizeNumberRow параметры row = [10, 10, 10], результат = 30
19-09-2019 22:59:54 INFO  Calculator - Выполнен метод summarizeNumberRow параметры row = [100, 1, 1], результат = 102
19-09-2019 22:59:54 INFO  Calculator - Выполнен метод summarizeNumberRow параметры row = [1, 0, 0], результат = 1
19-09-2019 22:59:54 INFO  Calculator - Выполнен метод multiple параметры a = 6, b = 6, результат = 36
19-09-2019 22:59:54 INFO  Calculator - Выполнен метод multiple параметры a = -6, b = -6, результат = 36
19-09-2019 22:59:54 INFO  Calculator - Выполнен метод multiple параметры a = -6, b = 6, результат = -36
19-09-2019 22:59:54 INFO  Calculator - Выполнен метод subtraction параметры a = 5, b = 5, результат = 0
19-09-2019 22:59:54 INFO  Calculator - Выполнен метод subtraction параметры a = 10, b = 5, результат = 5
19-09-2019 22:59:54 INFO  Calculator - Выполнен метод subtraction параметры a = 5, b = 10, результат = -5
19-09-2019 22:59:54 ERROR Calculator - Ошибка: в методе divide параметр b = 0
19-09-2019 22:59:54 ERROR Calculator - Ошибка: в методе fibonacci параметр n < 0
19-09-2019 22:59:54 ERROR Calculator - Ошибка: в методе sqrt параметр a < 0
19-09-2019 22:59:54 ERROR Calculator - Ошибка: в методе isPrime параметр a <= 0
19-09-2019 23:00:52 INFO  Calculator - Выполнен метод sqrt параметры a = 4, результат = 2
19-09-2019 23:00:52 INFO  Calculator - Выполнен метод sqrt параметры a = 0, результат = 0
19-09-2019 23:00:52 INFO  Calculator - Выполнен метод sum параметры a = 5, b = 5, результат = 10
19-09-2019 23:00:52 INFO  Calculator - Выполнен метод divide параметры a = 25, b = 5, результат = 5
19-09-2019 23:00:52 INFO  Calculator - Выполнен метод divide параметры a = 25, b = -5, результат = -5
19-09-2019 23:00:52 INFO  Calculator - Выполнен метод divide параметры a = -25, b = -5, результат = 5
19-09-2019 23:00:52 INFO  Calculator - Выполнен метод subtraction параметры a = 5, b = 5, результат = 0
19-09-2019 23:00:52 INFO  Calculator - Выполнен метод subtraction параметры a = 10, b = 5, результат = 5
19-09-2019 23:00:52 INFO  Calculator - Выполнен метод subtraction параметры a = 5, b = 10, результат = -5
19-09-2019 23:00:52 INFO  Calculator - Выполнен метод isPrime параметры a = 11, результат = true
19-09-2019 23:00:52 INFO  Calculator - Выполнен метод isPrime параметры a = 3 467, результат = true
19-09-2019 23:00:52 INFO  Calculator - Выполнен метод isPrime параметры a = 3 468, результат = false
19-09-2019 23:00:52 INFO  Calculator - Выполнен метод multiple параметры a = 6, b = 6, результат = 36
19-09-2019 23:00:52 INFO  Calculator - Выполнен метод multiple параметры a = -6, b = -6, результат = 36
19-09-2019 23:00:52 INFO  Calculator - Выполнен метод multiple параметры a = -6, b = 6, результат = -36
19-09-2019 23:00:52 INFO  Calculator - Выполнен метод fibonacci параметры n = 6, результат = 8
19-09-2019 23:00:52 INFO  Calculator - Выполнен метод fibonacci параметры n = 8, результат = 21
19-09-2019 23:00:52 INFO  Calculator - Выполнен метод fibonacci параметры n = 2, результат = 1
19-09-2019 23:00:53 INFO  Calculator - Выполнен метод summarizeNumberRow параметры row = [10, 10, 10], результат = 30
19-09-2019 23:00:53 INFO  Calculator - Выполнен метод summarizeNumberRow параметры row = [100, 1, 1], результат = 102
19-09-2019 23:00:53 INFO  Calculator - Выполнен метод summarizeNumberRow параметры row = [1, 2, 3], результат = 6
19-09-2019 23:00:53 INFO  Calculator - Выполнен метод summarizeNumberRow параметры row = [1, 0, 0], результат = 1
19-09-2019 23:00:53 ERROR Calculator - Ошибка: в методе divide параметр b = 0
19-09-2019 23:00:53 ERROR Calculator - Ошибка: в методе fibonacci параметр n < 0
19-09-2019 23:00:53 ERROR Calculator - Ошибка: в методе sqrt параметр a < 0
19-09-2019 23:00:53 ERROR Calculator - Ошибка: в методе isPrime параметр a <= 0
19-09-2019 23:01:31 INFO  Calculator - Выполнен метод sqrt параметры a = 4, результат = 2
19-09-2019 23:01:31 INFO  Calculator - Выполнен метод sqrt параметры a = 0, результат = 0
19-09-2019 23:01:31 INFO  Calculator - Выполнен метод sum параметры a = 5, b = 5, результат = 10
19-09-2019 23:01:31 INFO  Calculator - Выполнен метод divide параметры a = 25, b = 5, результат = 5
19-09-2019 23:01:31 INFO  Calculator - Выполнен метод divide параметры a = 25, b = -5, результат = -5
19-09-2019 23:01:31 INFO  Calculator - Выполнен метод divide параметры a = -25, b = -5, результат = 5
19-09-2019 23:01:31 INFO  Calculator - Выполнен метод multiple параметры a = 6, b = 6, результат = 36
19-09-2019 23:01:31 INFO  Calculator - Выполнен метод multiple параметры a = -6, b = -6, результат = 36
19-09-2019 23:01:31 INFO  Calculator - Выполнен метод multiple параметры a = -6, b = 6, результат = -36
19-09-2019 23:01:31 INFO  Calculator - Выполнен метод fibonacci параметры n = 6, результат = 8
19-09-2019 23:01:31 INFO  Calculator - Выполнен метод fibonacci параметры n = 8, результат = 21
19-09-2019 23:01:31 INFO  Calculator - Выполнен метод fibonacci параметры n = 2, результат = 1
19-09-2019 23:01:31 INFO  Calculator - Выполнен метод isPrime параметры a = 11, результат = true
19-09-2019 23:01:31 INFO  Calculator - Выполнен метод isPrime параметры a = 3 467, результат = true
19-09-2019 23:01:31 INFO  Calculator - Выполнен метод isPrime параметры a = 3 468, результат = false
19-09-2019 23:01:31 INFO  Calculator - Выполнен метод subtraction параметры a = 5, b = 5, результат = 0
19-09-2019 23:01:31 INFO  Calculator - Выполнен метод subtraction параметры a = 10, b = 5, результат = 5
19-09-2019 23:01:31 INFO  Calculator - Выполнен метод subtraction параметры a = 5, b = 10, результат = -5
19-09-2019 23:01:31 INFO  Calculator - Выполнен метод summarizeNumberRow параметры row = [10, 10, 10], результат = 30
19-09-2019 23:01:31 INFO  Calculator - Выполнен метод summarizeNumberRow параметры row = [1, 2, 3], результат = 6
19-09-2019 23:01:31 INFO  Calculator - Выполнен метод summarizeNumberRow параметры row = [1, 0, 0], результат = 1
19-09-2019 23:01:31 INFO  Calculator - Выполнен метод summarizeNumberRow параметры row = [100, 1, 1], результат = 102
19-09-2019 23:01:31 ERROR Calculator - Ошибка: в методе divide параметр b = 0
19-09-2019 23:01:31 ERROR Calculator - Ошибка: в методе fibonacci параметр n < 0
19-09-2019 23:01:31 ERROR Calculator - Ошибка: в методе sqrt параметр a < 0
19-09-2019 23:01:31 ERROR Calculator - Ошибка: в методе isPrime параметр a <= 0
20-09-2019 13:23:34 INFO  Calculator - Выполнен метод sum параметры a = 5, b = 5, результат = 10
20-09-2019 13:23:34 INFO  Calculator - Выполнен метод sum параметры a = -5, b = 0, результат = -5
20-09-2019 13:23:34 INFO  Calculator - Выполнен метод sum параметры a = -5, b = -10, результат = -15
20-09-2019 13:23:49 INFO  Calculator - Выполнен метод sqrt параметры a = 4, результат = 2
20-09-2019 13:23:49 INFO  Calculator - Выполнен метод sqrt параметры a = 0, результат = 0
20-09-2019 13:23:49 INFO  Calculator - Выполнен метод sum параметры a = 5, b = 5, результат = 10
20-09-2019 13:23:49 INFO  Calculator - Выполнен метод sum параметры a = -5, b = 0, результат = -5
20-09-2019 13:23:49 INFO  Calculator - Выполнен метод sum параметры a = -5, b = -10, результат = -15
20-09-2019 13:23:49 INFO  Calculator - Выполнен метод divide параметры a = 25, b = 5, результат = 5
20-09-2019 13:23:49 INFO  Calculator - Выполнен метод divide параметры a = 25, b = -5, результат = -5
20-09-2019 13:23:49 INFO  Calculator - Выполнен метод divide параметры a = -25, b = -5, результат = 5
20-09-2019 13:23:49 INFO  Calculator - Выполнен метод fibonacci параметры n = 6, результат = 8
20-09-2019 13:23:49 INFO  Calculator - Выполнен метод fibonacci параметры n = 8, результат = 21
20-09-2019 13:23:49 INFO  Calculator - Выполнен метод fibonacci параметры n = 2, результат = 1
20-09-2019 13:23:49 INFO  Calculator - Выполнен метод multiple параметры a = 6, b = 6, результат = 36
20-09-2019 13:23:49 INFO  Calculator - Выполнен метод multiple параметры a = -6, b = -6, результат = 36
20-09-2019 13:23:49 INFO  Calculator - Выполнен метод multiple параметры a = -6, b = 6, результат = -36
20-09-2019 13:23:49 INFO  Calculator - Выполнен метод isPrime параметры a = 11, результат = true
20-09-2019 13:23:49 INFO  Calculator - Выполнен метод isPrime параметры a = 3 467, результат = true
20-09-2019 13:23:49 INFO  Calculator - Выполнен метод isPrime параметры a = 3 468, результат = false
20-09-2019 13:23:49 INFO  Calculator - Выполнен метод subtraction параметры a = 5, b = 5, результат = 0
20-09-2019 13:23:49 INFO  Calculator - Выполнен метод subtraction параметры a = 10, b = 5, результат = 5
20-09-2019 13:23:49 INFO  Calculator - Выполнен метод subtraction параметры a = 5, b = 10, результат = -5
20-09-2019 13:23:49 INFO  Calculator - Выполнен метод summarizeNumberRow параметры row = [1, 0, 0], результат = 1
20-09-2019 13:23:49 INFO  Calculator - Выполнен метод summarizeNumberRow параметры row = [10, 10, 10], результат = 30
20-09-2019 13:23:50 INFO  Calculator - Выполнен метод summarizeNumberRow параметры row = [100, 1, 1], результат = 102
20-09-2019 13:23:50 INFO  Calculator - Выполнен метод summarizeNumberRow параметры row = [1, 2, 3], результат = 6
20-09-2019 13:23:50 ERROR Calculator - Ошибка: в методе divide параметр b = 0
20-09-2019 13:23:50 ERROR Calculator - Ошибка: в методе fibonacci параметр n < 0
20-09-2019 13:23:50 ERROR Calculator - Ошибка: в методе sqrt параметр a < 0
20-09-2019 13:23:50 ERROR Calculator - Ошибка: в методе isPrime параметр a <= 0
20-09-2019 13:24:10 INFO  Calculator - Выполнен метод sqrt параметры a = 4, результат = 2
20-09-2019 13:24:10 INFO  Calculator - Выполнен метод sqrt параметры a = 0, результат = 0
20-09-2019 13:24:10 INFO  Calculator - Выполнен метод sum параметры a = 5, b = 5, результат = 10
20-09-2019 13:24:10 INFO  Calculator - Выполнен метод sum параметры a = -5, b = 0, результат = -5
20-09-2019 13:24:10 INFO  Calculator - Выполнен метод sum параметры a = -5, b = -10, результат = -15
20-09-2019 13:24:10 INFO  Calculator - Выполнен метод divide параметры a = 25, b = 5, результат = 5
20-09-2019 13:24:10 INFO  Calculator - Выполнен метод divide параметры a = 25, b = -5, результат = -5
20-09-2019 13:24:10 INFO  Calculator - Выполнен метод divide параметры a = -25, b = -5, результат = 5
20-09-2019 13:24:10 INFO  Calculator - Выполнен метод multiple параметры a = 6, b = 6, результат = 36
20-09-2019 13:24:10 INFO  Calculator - Выполнен метод multiple параметры a = -6, b = -6, результат = 36
20-09-2019 13:24:10 INFO  Calculator - Выполнен метод multiple параметры a = -6, b = 6, результат = -36
20-09-2019 13:24:10 INFO  Calculator - Выполнен метод summarizeNumberRow параметры row = [10, 10, 10], результат = 30
20-09-2019 13:24:10 INFO  Calculator - Выполнен метод summarizeNumberRow параметры row = [1, 0, 0], результат = 1
20-09-2019 13:24:10 INFO  Calculator - Выполнен метод summarizeNumberRow параметры row = [1, 2, 3], результат = 6
20-09-2019 13:24:10 INFO  Calculator - Выполнен метод summarizeNumberRow параметры row = [100, 1, 1], результат = 102
20-09-2019 13:24:10 INFO  Calculator - Выполнен метод fibonacci параметры n = 6, результат = 8
20-09-2019 13:24:10 INFO  Calculator - Выполнен метод fibonacci параметры n = 8, результат = 21
20-09-2019 13:24:10 INFO  Calculator - Выполнен метод fibonacci параметры n = 2, результат = 1
20-09-2019 13:24:10 INFO  Calculator - Выполнен метод subtraction параметры a = 5, b = 5, результат = 0
20-09-2019 13:24:10 INFO  Calculator - Выполнен метод subtraction параметры a = 10, b = 5, результат = 5
20-09-2019 13:24:10 INFO  Calculator - Выполнен метод subtraction параметры a = 5, b = 10, результат = -5
20-09-2019 13:24:10 INFO  Calculator - Выполнен метод isPrime параметры a = 11, результат = true
20-09-2019 13:24:10 INFO  Calculator - Выполнен метод isPrime параметры a = 3 467, результат = true
20-09-2019 13:24:10 INFO  Calculator - Выполнен метод isPrime параметры a = 3 468, результат = false
20-09-2019 13:24:10 ERROR Calculator - Ошибка: в методе divide параметр b = 0
20-09-2019 13:24:10 ERROR Calculator - Ошибка: в методе fibonacci параметр n < 0
20-09-2019 13:24:10 ERROR Calculator - Ошибка: в методе sqrt параметр a < 0
20-09-2019 13:24:10 ERROR Calculator - Ошибка: в методе isPrime параметр a <= 0
